app/build/intermediates/manifest_merge_blame_file/debug/manifest-merger-blame-debug-report.txt
1<?xml version="1.0" encoding="utf-8"?>
2<!--
3  ~ Copyright (C) 2017 Google Inc.
4  ~
5  ~ Licensed under the Apache License, Version 2.0 (the "License");
6  ~ you may not use this file except in compliance with the License.
7  ~ You may obtain a copy of the License at
8  ~
9  ~     http://www.apache.org/licenses/LICENSE-2.0
10  ~
11  ~ Unless required by applicable law or agreed to in writing, software
12  ~ distributed under the License is distributed on an "AS IS" BASIS,
13  ~ WITHOUT WARRANTIES OR CONDITIONS OF ANY KIND, either express or implied.
14  ~ See the License for the specific language governing permissions and
15  ~ limitations under the License.
16-->
17<manifest xmlns:android="http://schemas.android.com/apk/res/android"
18    package="com.example.android.homework6recyclerview"
19    android:versionCode="1"
20    android:versionName="1.0" >
21
22    <uses-sdk
23        android:minSdkVersion="21"
23-->src\main\AndroidManifest.xml
24        android:targetSdkVersion="33" />
24-->src\main\AndroidManifest.xml
25
26    <uses-permission android:name="android.permission.INTERNET" />
26-->src\main\AndroidManifest.xml:20:5-67
26-->src\main\AndroidManifest.xml:20:22-64
27    <uses-permission android:name="android.permission.ACCESS_NETWORK_STATE" />
27-->src\main\AndroidManifest.xml:21:5-79
27-->src\main\AndroidManifest.xml:21:22-76
28
29    <application
29-->src\main\AndroidManifest.xml:23:5-52:19
30        android:allowBackup="true"
30-->src\main\AndroidManifest.xml:24:9-35
31        android:debuggable="true"
32        android:icon="@mipmap/ic_launcher"
32-->src\main\AndroidManifest.xml:25:9-43
33        android:label="@string/app_name"
33-->src\main\AndroidManifest.xml:26:9-41
34        android:roundIcon="@mipmap/ic_launcher_round"
34-->src\main\AndroidManifest.xml:27:9-54
35        android:supportsRtl="true"
35-->src\main\AndroidManifest.xml:28:9-35
36        android:theme="@style/AppTheme" >
36-->src\main\AndroidManifest.xml:29:9-40
37        <activity
37-->src\main\AndroidManifest.xml:30:9-42:20
38            android:name="com.example.android.homework6recyclerview.MainActivity"
38-->src\main\AndroidManifest.xml:31:13-82
39            android:exported="true"
39-->src\main\AndroidManifest.xml:34:13-36
40            android:label="@string/list_of_contacts"
40-->src\main\AndroidManifest.xml:32:13-53
41            android:theme="@style/AppTheme.NoActionBar" >
41-->src\main\AndroidManifest.xml:33:13-56
42            <intent-filter>
42-->src\main\AndroidManifest.xml:35:13-39:29
43                <action android:name="android.intent.action.MAIN" />
43-->src\main\AndroidManifest.xml:36:17-69
43-->src\main\AndroidManifest.xml:36:25-66
44                <action android:name="android.intent.action.SEARCH" />
44-->src\main\AndroidManifest.xml:37:17-71
44-->src\main\AndroidManifest.xml:37:25-68
45
46                <category android:name="android.intent.category.LAUNCHER" />
46-->src\main\AndroidManifest.xml:38:17-77
46-->src\main\AndroidManifest.xml:38:27-74
47            </intent-filter>
48
49            <meta-data
49-->src\main\AndroidManifest.xml:40:13-41:54
50                android:name="android.app.searchable"
50-->src\main\AndroidManifest.xml:40:24-61
51                android:resource="@xml/searchable" />
51-->src\main\AndroidManifest.xml:41:17-51
52        </activity>
53        <activity
53-->src\main\AndroidManifest.xml:43:9-51:20
54            android:name="com.example.android.homework6recyclerview.Contacts"
54-->src\main\AndroidManifest.xml:44:13-78
55            android:label="@string/edit_data"
55-->src\main\AndroidManifest.xml:45:13-46
56            android:parentActivityName="com.example.android.homework6recyclerview.MainActivity"
56-->src\main\AndroidManifest.xml:46:13-96
57            android:theme="@style/AppTheme.NoActionBar" >
57-->src\main\AndroidManifest.xml:47:13-56
58            <meta-data
58-->src\main\AndroidManifest.xml:48:13-50:90
59                android:name="android.support.PARENT_ACTIVITY"
59-->src\main\AndroidManifest.xml:49:17-63
60                android:value="com.example.android.homework6recyclerview.MainActivity" />
60-->src\main\AndroidManifest.xml:50:17-87
61        </activity>
62
63        <meta-data
63-->[com.android.support:design:26.0.1] AndroidManifest.xml:26:9-28:38
64            android:name="android.support.VERSION"
64-->[com.android.support:design:26.0.1] AndroidManifest.xml:27:13-51
65            android:value="26.0.1" />
65-->[com.android.support:design:26.0.1] AndroidManifest.xml:28:13-35
66    </application>
67
68</manifest>